0 info it worked if it ends with ok
1 verbose cli [ '/usr/local/bin/node', '/usr/local/bin/npm', 'start' ]
2 info using npm@3.6.0
3 info using node@v5.6.0
4 verbose run-script [ 'prestart', 'start', 'poststart' ]
5 info lifecycle step00_helloworld@1.0.0~prestart: step00_helloworld@1.0.0
6 silly lifecycle step00_helloworld@1.0.0~prestart: no script for prestart, continuing
7 info lifecycle step00_helloworld@1.0.0~start: step00_helloworld@1.0.0
8 verbose lifecycle step00_helloworld@1.0.0~start: unsafe-perm in lifecycle true
9 verbose lifecycle step00_helloworld@1.0.0~start: PATH: /usr/local/lib/node_modules/npm/bin/node-gyp-bin:/Users/ZiaKhan/learn-typed-rxjs/step06_merge/node_modules/.bin:/Users/ZiaKhan/anaconda/bin:/Library/Frameworks/Python.framework/Versions/3.5/bin:/users/ZiaKhan/.cargo/bin:/users/ZiaKhan/apache-ant-1.9.4/bin:/users/ZiaKhan/Library/Android/sdk/tools:/usr/local/bin:/usr/bin:/bin:/usr/sbin:/sbin:/usr/local/git/bin
10 verbose lifecycle step00_helloworld@1.0.0~start: CWD: /Users/ZiaKhan/learn-typed-rxjs/step06_merge
11 silly lifecycle step00_helloworld@1.0.0~start: Args: [ '-c', 'tsc && node app' ]
12 silly lifecycle step00_helloworld@1.0.0~start: Returned: code: 2  signal: null
13 info lifecycle step00_helloworld@1.0.0~start: Failed to exec start script
14 verbose stack Error: step00_helloworld@1.0.0 start: `tsc && node app`
14 verbose stack Exit status 2
14 verbose stack     at EventEmitter.<anonymous> (/usr/local/lib/node_modules/npm/lib/utils/lifecycle.js:232:16)
14 verbose stack     at emitTwo (events.js:100:13)
14 verbose stack     at EventEmitter.emit (events.js:185:7)
14 verbose stack     at ChildProcess.<anonymous> (/usr/local/lib/node_modules/npm/lib/utils/spawn.js:24:14)
14 verbose stack     at emitTwo (events.js:100:13)
14 verbose stack     at ChildProcess.emit (events.js:185:7)
14 verbose stack     at maybeClose (internal/child_process.js:827:16)
14 verbose stack     at Process.ChildProcess._handle.onexit (internal/child_process.js:211:5)
15 verbose pkgid step00_helloworld@1.0.0
16 verbose cwd /Users/ZiaKhan/learn-typed-rxjs/step06_merge
17 error Darwin 15.5.0
18 error argv "/usr/local/bin/node" "/usr/local/bin/npm" "start"
19 error node v5.6.0
20 error npm  v3.6.0
21 error code ELIFECYCLE
22 error step00_helloworld@1.0.0 start: `tsc && node app`
22 error Exit status 2
23 error Failed at the step00_helloworld@1.0.0 start script 'tsc && node app'.
23 error Make sure you have the latest version of node.js and npm installed.
23 error If you do, this is most likely a problem with the step00_helloworld package,
23 error not with npm itself.
23 error Tell the author that this fails on your system:
23 error     tsc && node app
23 error You can get information on how to open an issue for this project with:
23 error     npm bugs step00_helloworld
23 error Or if that isn't available, you can get their info via:
23 error     npm owner ls step00_helloworld
23 error There is likely additional logging output above.
24 verbose exit [ 1, true ]
